<?xml version="1.0" encoding="utf-8" standalone="no"?>
<!--This file represents the results of running a test suite-->
<test-results name="G:\_Tools\BlissInSoftware.Sandcastle\BlissInSoftware.Sandcastle.Gherkin\BlissInSoftware.Sandcastle.Gherkin.UnitTests\bin\Release\BlissInSoftware.Sandcastle.Gherkin.UnitTests.dll" total="2" errors="0" failures="0" not-run="0" inconclusive="0" ignored="0" skipped="0" invalid="0" date="2011-09-30" time="12:59:33">
  <environment nunit-version="2.5.10.11092" clr-version="2.0.50727.3615" os-version="Microsoft Windows NT 5.1.2600 Service Pack 3" platform="Win32NT" cwd="G:\_Tools\BlissInSoftware.Sandcastle\BlissInSoftware.Sandcastle.Gherkin\BlissInSoftware.Sandcastle.Gherkin.UnitTests\bin\Release" machine-name="S0146277XP02" user="146277" user-domain="SCENTRAIS" />
  <culture-info current-culture="pt-PT" current-uiculture="en-US" />
  <test-suite type="Assembly" name="G:\_Tools\BlissInSoftware.Sandcastle\BlissInSoftware.Sandcastle.Gherkin\BlissInSoftware.Sandcastle.Gherkin.UnitTests\bin\Release\BlissInSoftware.Sandcastle.Gherkin.UnitTests.dll" executed="True" result="Success" success="True" time="1.766" asserts="0">
    <results>
      <test-suite type="Namespace" name="BlissInSoftware" executed="True" result="Success" success="True" time="1.766" asserts="0">
        <results>
          <test-suite type="Namespace" name="Sandcastle" executed="True" result="Success" success="True" time="1.766" asserts="0">
            <results>
              <test-suite type="Namespace" name="Gherkin" executed="True" result="Success" success="True" time="1.766" asserts="0">
                <results>
                  <test-suite type="Namespace" name="UnitTests" executed="True" result="Success" success="True" time="1.750" asserts="0">
                    <results>
                      <test-suite type="TestFixture" name="FeatureTopicContentBuilderFixture" executed="True" result="Success" success="True" time="1.750" asserts="0">
                        <results>
                          <test-case name="BlissInSoftware.Sandcastle.Gherkin.UnitTests.FeatureTopicContentBuilderFixture.ShouldBuildScenarios" executed="True" result="Success" success="True" time="1.734" asserts="1" />
                          <test-case name="BlissInSoftware.Sandcastle.Gherkin.UnitTests.FeatureTopicContentBuilderFixture.ShouldExtractSummaryFromFullDescription" executed="True" result="Success" success="True" time="0.000" asserts="1" />
                        </results>
                      </test-suite>
                    </results>
                  </test-suite>
                </results>
              </test-suite>
            </results>
          </test-suite>
        </results>
      </test-suite>
    </results>
  </test-suite>
</test-results>